<?xml version="1.0" encoding="UTF-8"?>
<!-- Generated by org.testng.reporters.JUnitReportReporter -->
<testsuite hostname="LAPTOP-R1775SKG" failures="0" tests="6" name="com.DataDriven.MercuryFlightBooking" time="73.968" errors="0" timestamp="2022-01-12T09:54:43 IST" skipped="0">
  <testcase classname="com.DataDriven.MercuryFlightBooking" name="FlighBookingSignOn" time="15.218"/>
  <system-out/>
  <testcase classname="com.DataDriven.MercuryFlightBooking" name="FlighBookingReg" time="12.706"/>
  <system-out/>
  <testcase classname="com.DataDriven.MercuryFlightBooking" name="FlighBookingSignOn" time="9.437"/>
  <system-out/>
  <testcase classname="com.DataDriven.MercuryFlightBooking" name="FlighBookingReg" time="12.146"/>
  <system-out/>
  <testcase classname="com.DataDriven.MercuryFlightBooking" name="FlighBookingReg" time="15.274"/>
  <system-out/>
  <testcase classname="com.DataDriven.MercuryFlightBooking" name="FlighBookingSignOn" time="9.187"/>
  <system-out/>
</testsuite> <!-- com.DataDriven.MercuryFlightBooking -->
